<?xml version="1.0" encoding="UTF-8"?>
<!-- Generated by org.testng.reporters.JUnitXMLReporter -->
<testsuite hostname="ip-AC1A0612" ignored="0" name="Test Maven Testing" tests="12" failures="0" timestamp="2020-06-29T07:34:02 UTC" time="0.08" errors="0">
  <testcase name="div" time="0.007" classname="helloworld_madan.Test1"/>
  <testcase name="mul" time="0.0" classname="helloworld_madan.Test1"/>
  <testcase name="sub" time="0.001" classname="helloworld_madan.Test1"/>
  <testcase name="sum" time="0.001" classname="helloworld_madan.Test1"/>
  <testcase name="div" time="0.001" classname="helloworld_madan.Test2"/>
  <testcase name="mul" time="0.0" classname="helloworld_madan.Test2"/>
  <testcase name="sub" time="0.001" classname="helloworld_madan.Test2"/>
  <testcase name="sum" time="0.0" classname="helloworld_madan.Test2"/>
  <testcase name="div" time="0.0" classname="helloworld_madan.TestHelloWorld"/>
  <testcase name="mul" time="0.0" classname="helloworld_madan.TestHelloWorld"/>
  <testcase name="sub" time="0.001" classname="helloworld_madan.TestHelloWorld"/>
  <testcase name="sum" time="0.0" classname="helloworld_madan.TestHelloWorld"/>
</testsuite> <!-- Test Maven Testing -->
