<?xml version="1.0" encoding="UTF-8"?>
<!-- Generated by org.testng.reporters.JUnitXMLReporter -->
<testsuite hostname="ip-AC1A0612" ignored="0" name="Default test" tests="4" failures="0" timestamp="2020-06-28T16:33:28 UTC" time="0.093" errors="0">
  <testcase name="div" time="0.016" classname="helloworld_madan.TestHelloWorld"/>
  <testcase name="mul" time="0.001" classname="helloworld_madan.TestHelloWorld"/>
  <testcase name="sub" time="0.0" classname="helloworld_madan.TestHelloWorld"/>
  <testcase name="sum" time="0.001" classname="helloworld_madan.TestHelloWorld"/>
</testsuite> <!-- Default test -->
