<?xml version="1.0" encoding="UTF-8"?>
<testng-results skipped="0" failed="0" ignored="0" total="12" passed="12">
  <reporter-output>
  </reporter-output>
  <suite name="Test Maven Suite" duration-ms="80" started-at="2020-06-29T07:34:02 UTC" finished-at="2020-06-29T07:34:02 UTC">
    <groups>
    </groups>
    <test name="Test Maven Testing" duration-ms="80" started-at="2020-06-29T07:34:02 UTC" finished-at="2020-06-29T07:34:02 UTC">
      <class name="helloworld_madan.TestHelloWorld">
        <test-method status="PASS" signature="mul()[pri:0, instance:helloworld_madan.TestHelloWorld@5c3bd550]" name="mul" duration-ms="0" started-at="2020-06-29T07:34:02 UTC" finished-at="2020-06-29T07:34:02 UTC">
          <reporter-output>
          </reporter-output>
        </test-method> <!-- mul -->
        <test-method status="PASS" signature="div()[pri:0, instance:helloworld_madan.TestHelloWorld@5c3bd550]" name="div" duration-ms="0" started-at="2020-06-29T07:34:02 UTC" finished-at="2020-06-29T07:34:02 UTC">
          <reporter-output>
          </reporter-output>
        </test-method> <!-- div -->
        <test-method status="PASS" signature="sub()[pri:0, instance:helloworld_madan.TestHelloWorld@5c3bd550]" name="sub" duration-ms="1" started-at="2020-06-29T07:34:02 UTC" finished-at="2020-06-29T07:34:02 UTC">
          <reporter-output>
          </reporter-output>
        </test-method> <!-- sub -->
        <test-method status="PASS" signature="sum()[pri:0, instance:helloworld_madan.TestHelloWorld@5c3bd550]" name="sum" duration-ms="0" started-at="2020-06-29T07:34:02 UTC" finished-at="2020-06-29T07:34:02 UTC">
          <reporter-output>
          </reporter-output>
        </test-method> <!-- sum -->
      </class> <!-- helloworld_madan.TestHelloWorld -->
      <class name="helloworld_madan.Test1">
        <test-method status="PASS" signature="div()[pri:0, instance:helloworld_madan.Test1@1bce4f0a]" name="div" duration-ms="7" started-at="2020-06-29T07:34:02 UTC" finished-at="2020-06-29T07:34:02 UTC">
          <reporter-output>
          </reporter-output>
        </test-method> <!-- div -->
        <test-method status="PASS" signature="mul()[pri:0, instance:helloworld_madan.Test1@1bce4f0a]" name="mul" duration-ms="0" started-at="2020-06-29T07:34:02 UTC" finished-at="2020-06-29T07:34:02 UTC">
          <reporter-output>
          </reporter-output>
        </test-method> <!-- mul -->
        <test-method status="PASS" signature="sub()[pri:0, instance:helloworld_madan.Test1@1bce4f0a]" name="sub" duration-ms="1" started-at="2020-06-29T07:34:02 UTC" finished-at="2020-06-29T07:34:02 UTC">
          <reporter-output>
          </reporter-output>
        </test-method> <!-- sub -->
        <test-method status="PASS" signature="sum()[pri:0, instance:helloworld_madan.Test1@1bce4f0a]" name="sum" duration-ms="1" started-at="2020-06-29T07:34:02 UTC" finished-at="2020-06-29T07:34:02 UTC">
          <reporter-output>
          </reporter-output>
        </test-method> <!-- sum -->
      </class> <!-- helloworld_madan.Test1 -->
      <class name="helloworld_madan.Test2">
        <test-method status="PASS" signature="div()[pri:0, instance:helloworld_madan.Test2@5e3a8624]" name="div" duration-ms="1" started-at="2020-06-29T07:34:02 UTC" finished-at="2020-06-29T07:34:02 UTC">
          <reporter-output>
          </reporter-output>
        </test-method> <!-- div -->
        <test-method status="PASS" signature="mul()[pri:0, instance:helloworld_madan.Test2@5e3a8624]" name="mul" duration-ms="0" started-at="2020-06-29T07:34:02 UTC" finished-at="2020-06-29T07:34:02 UTC">
          <reporter-output>
          </reporter-output>
        </test-method> <!-- mul -->
        <test-method status="PASS" signature="sub()[pri:0, instance:helloworld_madan.Test2@5e3a8624]" name="sub" duration-ms="1" started-at="2020-06-29T07:34:02 UTC" finished-at="2020-06-29T07:34:02 UTC">
          <reporter-output>
          </reporter-output>
        </test-method> <!-- sub -->
        <test-method status="PASS" signature="sum()[pri:0, instance:helloworld_madan.Test2@5e3a8624]" name="sum" duration-ms="0" started-at="2020-06-29T07:34:02 UTC" finished-at="2020-06-29T07:34:02 UTC">
          <reporter-output>
          </reporter-output>
        </test-method> <!-- sum -->
      </class> <!-- helloworld_madan.Test2 -->
    </test> <!-- Test Maven Testing -->
  </suite> <!-- Test Maven Suite -->
</testng-results>
