<?xml version="1.0" encoding="UTF-8"?>
<testng-results skipped="0" failed="0" ignored="0" total="12" passed="12">
  <reporter-output>
  </reporter-output>
  <suite name="Test Maven Suite" duration-ms="95" started-at="2020-06-28T19:50:34 UTC" finished-at="2020-06-28T19:50:34 UTC">
    <groups>
    </groups>
    <test name="Test Maven Testing" duration-ms="95" started-at="2020-06-28T19:50:34 UTC" finished-at="2020-06-28T19:50:34 UTC">
      <class name="helloworld_madan.TestHelloWorld">
        <test-method status="PASS" signature="div()[pri:0, instance:helloworld_madan.TestHelloWorld@72b6cbcc]" name="div" duration-ms="1" started-at="2020-06-28T19:50:34 UTC" finished-at="2020-06-28T19:50:34 UTC">
          <reporter-output>
          </reporter-output>
        </test-method> <!-- div -->
        <test-method status="PASS" signature="mul()[pri:0, instance:helloworld_madan.TestHelloWorld@72b6cbcc]" name="mul" duration-ms="0" started-at="2020-06-28T19:50:34 UTC" finished-at="2020-06-28T19:50:34 UTC">
          <reporter-output>
          </reporter-output>
        </test-method> <!-- mul -->
        <test-method status="PASS" signature="sub()[pri:0, instance:helloworld_madan.TestHelloWorld@72b6cbcc]" name="sub" duration-ms="1" started-at="2020-06-28T19:50:34 UTC" finished-at="2020-06-28T19:50:34 UTC">
          <reporter-output>
          </reporter-output>
        </test-method> <!-- sub -->
        <test-method status="PASS" signature="sum()[pri:0, instance:helloworld_madan.TestHelloWorld@72b6cbcc]" name="sum" duration-ms="5" started-at="2020-06-28T19:50:34 UTC" finished-at="2020-06-28T19:50:34 UTC">
          <reporter-output>
          </reporter-output>
        </test-method> <!-- sum -->
      </class> <!-- helloworld_madan.TestHelloWorld -->
      <class name="helloworld_madan.Test1">
        <test-method status="PASS" signature="div()[pri:0, instance:helloworld_madan.Test1@1efed156]" name="div" duration-ms="13" started-at="2020-06-28T19:50:34 UTC" finished-at="2020-06-28T19:50:34 UTC">
          <reporter-output>
          </reporter-output>
        </test-method> <!-- div -->
        <test-method status="PASS" signature="mul()[pri:0, instance:helloworld_madan.Test1@1efed156]" name="mul" duration-ms="0" started-at="2020-06-28T19:50:34 UTC" finished-at="2020-06-28T19:50:34 UTC">
          <reporter-output>
          </reporter-output>
        </test-method> <!-- mul -->
        <test-method status="PASS" signature="sub()[pri:0, instance:helloworld_madan.Test1@1efed156]" name="sub" duration-ms="1" started-at="2020-06-28T19:50:34 UTC" finished-at="2020-06-28T19:50:34 UTC">
          <reporter-output>
          </reporter-output>
        </test-method> <!-- sub -->
        <test-method status="PASS" signature="sum()[pri:0, instance:helloworld_madan.Test1@1efed156]" name="sum" duration-ms="2" started-at="2020-06-28T19:50:34 UTC" finished-at="2020-06-28T19:50:34 UTC">
          <reporter-output>
          </reporter-output>
        </test-method> <!-- sum -->
      </class> <!-- helloworld_madan.Test1 -->
      <class name="helloworld_madan.Test2">
        <test-method status="PASS" signature="div()[pri:0, instance:helloworld_madan.Test2@6737fd8f]" name="div" duration-ms="1" started-at="2020-06-28T19:50:34 UTC" finished-at="2020-06-28T19:50:34 UTC">
          <reporter-output>
          </reporter-output>
        </test-method> <!-- div -->
        <test-method status="PASS" signature="mul()[pri:0, instance:helloworld_madan.Test2@6737fd8f]" name="mul" duration-ms="1" started-at="2020-06-28T19:50:34 UTC" finished-at="2020-06-28T19:50:34 UTC">
          <reporter-output>
          </reporter-output>
        </test-method> <!-- mul -->
        <test-method status="PASS" signature="sub()[pri:0, instance:helloworld_madan.Test2@6737fd8f]" name="sub" duration-ms="1" started-at="2020-06-28T19:50:34 UTC" finished-at="2020-06-28T19:50:34 UTC">
          <reporter-output>
          </reporter-output>
        </test-method> <!-- sub -->
        <test-method status="PASS" signature="sum()[pri:0, instance:helloworld_madan.Test2@6737fd8f]" name="sum" duration-ms="1" started-at="2020-06-28T19:50:34 UTC" finished-at="2020-06-28T19:50:34 UTC">
          <reporter-output>
          </reporter-output>
        </test-method> <!-- sum -->
      </class> <!-- helloworld_madan.Test2 -->
    </test> <!-- Test Maven Testing -->
  </suite> <!-- Test Maven Suite -->
</testng-results>
